
          -------------------------------------------------------
          Amber 21 SANDER                              2021
          -------------------------------------------------------

| Run on 06/12/2022 at 11:37:45

|   Executable path: sander.OMP
| Working directory: /home/woodrowwilson/Desktop/MtD/AMBER/2_classical
|          Hostname: Unknown
  [-O]verwriting output

File Assignments:
|  MDIN: heat.in                                                               
| MDOUT: heat.out                                                              
|INPCRD: min.rst7                                                              
|  PARM: system.parm7                                                          
|RESTRT: heat.rst7                                                             
|  REFC: refc                                                                  
| MDVEL: mdvel                                                                 
| MDFRC: mdfrc                                                                 
|  MDEN: mden                                                                  
| MDCRD: heat.nc                                                               
|MDINFO: mdinfo                                                                
|  MTMD: mtmd                                                                  
|INPDIP: inpdip                                                                
|RSTDIP: rstdip                                                                
|INPTRA: inptraj                                                               


 Here is the input file:

Heating ramp from 0K to 298K                                                   
 &cntrl                                                                        
  imin=0,                   ! Run molecular dynamics.                          
  ntx=1,                    ! Initial file contains coordinates, but no velocities.
  irest=0,                  ! Do not restart the simulation, (only read coordinates from the coordinates file)
  nstlim=15000,             ! Number of MD-steps to be performed.              
  dt=0.002,                 ! Time step (ps)                                   
  ntf=2, ntc=2,             ! Constrain lengths of bonds having hydrogen atoms (SHAKE)
  tempi=0.0, temp0=298.0,   ! Initial and final temperature                    
  ntpr=500, ntwx=500,       ! Output options                                   
  cut=8.0,                  ! non-bond cut off                                 
  ntb=1,                    ! Periodic conditiond at constant volume           
  ntp=0,                    ! No pressure scaling                              
  ntt=3, gamma_ln=2.0,      ! Temperature scaling using Langevin dynamics with the collision frequency in gamma_ln (ps−1)
  ig=-1,                    ! seed for the pseudo-random number generator will be based on the current date and time.
  nmropt=1,                 ! NMR options to give the temperature ramp.        
 /                                                                             
&wt type='TEMP0', istep1=0, istep2=12000, value1=0.0, value2=298.0 /           
&wt type='TEMP0', istep1=12001, istep2=15000, value1=298.0, value2=298.0 /     
&wt type='END' /                                                               

--------------------------------------------------------------------------------
   1.  RESOURCE   USE: 
--------------------------------------------------------------------------------

| Flags:                                                                        
 getting box info from netcdf restart file
| NetCDF restart box info found
|Largest sphere to fit in unit cell has radius =    19.635
| New format PARM file being parsed.
| Version =    1.000 Date = 06/12/22 Time = 08:04:18
 NATOM  =    5071 NTYPES =       9 NBONH =    5061 MBONA  =       9
 NTHETH =      25 MTHETA =      11 NPHIH =      43 MPHIA  =      24
 NHPARM =       0 NPARM  =       0 NNB   =    6831 NRES   =    1686
 NBONA  =       9 NTHETA =      11 NPHIA =      24 NUMBND =      13
 NUMANG =      21 NPTRA  =      14 NATYP =      10 NPHB   =       0
 IFBOX  =       1 NMXRS  =      10 IFCAP =       0 NEXTRA =       0
 NCOPY  =       0

| CMAP information read from topology file: 

|     Memory Use     Allocated
|     Real              921680
|     Hollerith          16901
|     Integer           138374
|     Max Pairs        1690333
|     nblistReal         60852
|     nblist Int        277886
|       Total            15970 kbytes

| Note: 1-4 EEL scale factors are being read from the topology file.

| Note: 1-4 VDW scale factors are being read from the topology file.
| Duplicated    0 dihedrals
| Duplicated    0 dihedrals
|CMAP: Reticulating splines.

     BOX TYPE: RECTILINEAR
Note: ig = -1. Setting random seed to    22389 based on wallclock time in microseconds.

--------------------------------------------------------------------------------
   2.  CONTROL  DATA  FOR  THE  RUN
--------------------------------------------------------------------------------

ACE                                                                             

General flags:
     imin    =       0, nmropt  =       1

Nature and format of input:
     ntx     =       1, irest   =       0, ntrx    =       1

Nature and format of output:
     ntxo    =       2, ntpr    =     500, ntrx    =       1, ntwr    =   15000
     iwrap   =       0, ntwx    =     500, ntwv    =       0, ntwe    =       0
     ioutfm  =       1, ntwprt  =       0, idecomp =       0, rbornstat=      0

Potential function:
     ntf     =       2, ntb     =       1, igb     =       0, nsnb    =      25
     ipol    =       0, gbsa    =       0, iesp    =       0
     dielc   =   1.00000, cut     =   8.00000, intdiel =   1.00000

Frozen or restrained atoms:
     ibelly  =       0, ntr     =       0

Molecular dynamics:
     nstlim  =     15000, nscm    =      1000, nrespa  =         1
     t       =   0.00000, dt      =   0.00200, vlimit  =  20.00000

Langevin dynamics temperature regulation:
     ig      =   22389
     temp0   = 298.00000, tempi   =   0.00000, gamma_ln=   2.00000

SHAKE:
     ntc     =       2, jfastw  =       0
     tol     =   0.00001

NMR refinement options:
     iscale  =       0, noeskp  =       1, ipnlty  =       1, mxsub   =       1
     scalm   = 100.00000, pencut  =   0.10000, tausw   =   0.10000

Ewald parameters:
     verbose =       0, ew_type =       0, nbflag  =       1, use_pme =       1
     vdwmeth =       1, eedmeth =       1, netfrc  =       1
     Box X =   41.123   Box Y =   43.772   Box Z =   39.271
     Alpha =   90.000   Beta  =   90.000   Gamma =   90.000
     NFFT1 =   48       NFFT2 =   45       NFFT3 =   40
     Cutoff=    8.000   Tol   =0.100E-04
     Ewald Coefficient =  0.34864
     Interpolation order =    4
|  INFO: Old style inpcrd file read


--------------------------------------------------------------------------------
   3.  ATOMIC COORDINATES AND VELOCITIES
--------------------------------------------------------------------------------

ACE                                                                             
 begin time read from input coords =     0.000 ps



           Begin reading energy term weight changes/NMR restraints
 WEIGHT CHANGES:
 TEMP0         0  12000    0.000000  298.000000      0      0
 TEMP0     12001  15000  298.000000  298.000000      0      0

 RESTRAINTS:
                          ** No restraint defined **

                  Done reading weight changes/NMR restraints


 Number of triangulated 3-point waters found:     1683

     Sum of charges from parm topology file =  -0.00000000
     Forcing neutrality...

--------------------------------------------------------------------------------
   4.  RESULTS
--------------------------------------------------------------------------------

|  # of SOLUTE  degrees of freedom (RNDFP):   10152.
|  # of SOLVENT degrees of freedom (RNDFS):       0.
|  NDFMIN =   10152.     NUM_NOSHAKE =      0     CORRECTED RNDFP =   10152.
|  TOTAL # of degrees of freedom (RNDF) =   10152.
 ---------------------------------------------------
 APPROXIMATING switch and d/dx switch using CUBIC SPLINE INTERPOLATION
 using   5000.0 points per unit in tabled values
 TESTING RELATIVE ERROR over r ranging from 0.0 to cutoff
| CHECK switch(x): max rel err =   0.2738E-14   at   2.422500
| CHECK d/dx switch(x): max rel err =   0.8332E-11   at   2.782960
 ---------------------------------------------------
| Local SIZE OF NONBOND LIST =     836334
| TOTAL SIZE OF NONBOND LIST =     836334

 NSTEP =        0   TIME(PS) =       0.000  TEMP(K) =     0.00  PRESS =     0.0
 Etot   =    -22149.7373  EKtot   =         0.0000  EPtot      =    -22149.7373
 BOND   =         0.3941  ANGLE   =         0.5784  DIHED      =         2.5569
 1-4 NB =         2.7337  1-4 EEL =        46.1665  VDWAALS    =      3371.3966
 EELEC  =    -25573.4866  EHBOND  =         0.0000  RESTRAINT  =         0.0000
 CMAP   =        -0.0769
 Ewald error estimate:   0.1473E-03
 ------------------------------------------------------------------------------

 NMR restraints: Bond =    0.000   Angle =     0.000   Torsion =     0.000
===============================================================================

 NSTEP =      500   TIME(PS) =       1.000  TEMP(K) =    10.49  PRESS =     0.0
 Etot   =    -19392.0766  EKtot   =       105.8618  EPtot      =    -19497.9384
 BOND   =         0.3687  ANGLE   =         1.2909  DIHED      =         2.5850
 1-4 NB =         3.0994  1-4 EEL =        47.6932  VDWAALS    =      2796.3332
 EELEC  =    -22348.4828  EHBOND  =         0.0000  RESTRAINT  =         0.0000
 CMAP   =        -0.8261
 Ewald error estimate:   0.2785E-03
 ------------------------------------------------------------------------------

 NMR restraints: Bond =    0.000   Angle =     0.000   Torsion =     0.000
===============================================================================

 NSTEP =     1000   TIME(PS) =       2.000  TEMP(K) =    20.40  PRESS =     0.0
 Etot   =    -19277.9115  EKtot   =       205.7248  EPtot      =    -19483.6363
 BOND   =         0.5202  ANGLE   =         1.8951  DIHED      =         2.6585
 1-4 NB =         2.8778  1-4 EEL =        46.9130  VDWAALS    =      2803.7613
 EELEC  =    -22341.7030  EHBOND  =         0.0000  RESTRAINT  =         0.0000
 CMAP   =        -0.5592
 Ewald error estimate:   0.2962E-03
 ------------------------------------------------------------------------------

 NMR restraints: Bond =    0.000   Angle =     0.000   Torsion =     0.000
===============================================================================

 NSTEP =     1500   TIME(PS) =       3.000  TEMP(K) =    32.54  PRESS =     0.0
 Etot   =    -19074.9265  EKtot   =       328.2183  EPtot      =    -19403.1448
 BOND   =         0.3697  ANGLE   =         1.6356  DIHED      =         2.5422
 1-4 NB =         3.1456  1-4 EEL =        48.1307  VDWAALS    =      2725.4814
 EELEC  =    -22183.5657  EHBOND  =         0.0000  RESTRAINT  =         0.0000
 CMAP   =        -0.8842
 Ewald error estimate:   0.2930E-03
 ------------------------------------------------------------------------------

 NMR restraints: Bond =    0.000   Angle =     0.000   Torsion =     0.000
===============================================================================

 NSTEP =     2000   TIME(PS) =       4.000  TEMP(K) =    44.26  PRESS =     0.0
 Etot   =    -18883.4244  EKtot   =       446.4281  EPtot      =    -19329.8525
 BOND   =         0.7138  ANGLE   =         1.7878  DIHED      =         2.6435
 1-4 NB =         2.8062  1-4 EEL =        47.1125  VDWAALS    =      2698.5770
 EELEC  =    -22082.9532  EHBOND  =         0.0000  RESTRAINT  =         0.0000
 CMAP   =        -0.5401
 Ewald error estimate:   0.1662E-03
 ------------------------------------------------------------------------------

 NMR restraints: Bond =    0.000   Angle =     0.000   Torsion =     0.000
===============================================================================

 NSTEP =     2500   TIME(PS) =       5.000  TEMP(K) =    56.46  PRESS =     0.0
 Etot   =    -18668.4806  EKtot   =       569.5154  EPtot      =    -19237.9960
 BOND   =         0.9767  ANGLE   =         1.9861  DIHED      =         2.8417
 1-4 NB =         2.7434  1-4 EEL =        46.9530  VDWAALS    =      2676.7477
 EELEC  =    -21969.6965  EHBOND  =         0.0000  RESTRAINT  =         0.0000
 CMAP   =        -0.5481
 Ewald error estimate:   0.9593E-04
 ------------------------------------------------------------------------------

 NMR restraints: Bond =    0.000   Angle =     0.000   Torsion =     0.000
===============================================================================

 NSTEP =     3000   TIME(PS) =       6.000  TEMP(K) =    68.77  PRESS =     0.0
 Etot   =    -18493.4577  EKtot   =       693.7149  EPtot      =    -19187.1726
 BOND   =         1.5456  ANGLE   =         2.5501  DIHED      =         2.9106
 1-4 NB =         2.5045  1-4 EEL =        45.9124  VDWAALS    =      2640.9817
 EELEC  =    -21883.6731  EHBOND  =         0.0000  RESTRAINT  =         0.0000
 CMAP   =         0.0957
 Ewald error estimate:   0.1393E-03
 ------------------------------------------------------------------------------

 NMR restraints: Bond =    0.000   Angle =     0.000   Torsion =     0.000
===============================================================================

 NSTEP =     3500   TIME(PS) =       7.000  TEMP(K) =    83.83  PRESS =     0.0
 Etot   =    -18242.7914  EKtot   =       845.5819  EPtot      =    -19088.3733
 BOND   =         1.7387  ANGLE   =         3.0913  DIHED      =         3.5437
 1-4 NB =         2.1491  1-4 EEL =        45.1466  VDWAALS    =      2591.3622
 EELEC  =    -21735.2445  EHBOND  =         0.0000  RESTRAINT  =         0.0000
 CMAP   =        -0.1603
 Ewald error estimate:   0.1977E-03
 ------------------------------------------------------------------------------

 NMR restraints: Bond =    0.000   Angle =     0.000   Torsion =     0.000
===============================================================================

 NSTEP =     4000   TIME(PS) =       8.000  TEMP(K) =    93.71  PRESS =     0.0
 Etot   =    -18041.0291  EKtot   =       945.2030  EPtot      =    -18986.2321
 BOND   =         1.2876  ANGLE   =         3.8318  DIHED      =         2.6563
 1-4 NB =         2.6734  1-4 EEL =        45.1357  VDWAALS    =      2546.2570
 EELEC  =    -21587.6068  EHBOND  =         0.0000  RESTRAINT  =         0.0000
 CMAP   =        -0.4671
 Ewald error estimate:   0.2330E-03
 ------------------------------------------------------------------------------

 NMR restraints: Bond =    0.000   Angle =     0.000   Torsion =     0.000
===============================================================================

 NSTEP =     4500   TIME(PS) =       9.000  TEMP(K) =   105.84  PRESS =     0.0
 Etot   =    -17839.9630  EKtot   =      1067.5709  EPtot      =    -18907.5339
 BOND   =         2.0342  ANGLE   =         3.0460  DIHED      =         3.2450
 1-4 NB =         2.3418  1-4 EEL =        46.0347  VDWAALS    =      2492.2042
 EELEC  =    -21455.9936  EHBOND  =         0.0000  RESTRAINT  =         0.0000
 CMAP   =        -0.4462
 Ewald error estimate:   0.1654E-03
 ------------------------------------------------------------------------------

 NMR restraints: Bond =    0.000   Angle =     0.000   Torsion =     0.000
===============================================================================

 NSTEP =     5000   TIME(PS) =      10.000  TEMP(K) =   118.17  PRESS =     0.0
 Etot   =    -17579.8906  EKtot   =      1191.9915  EPtot      =    -18771.8821
 BOND   =         1.6938  ANGLE   =         5.4300  DIHED      =         2.8242
 1-4 NB =         3.0409  1-4 EEL =        46.3061  VDWAALS    =      2474.5730
 EELEC  =    -21305.1418  EHBOND  =         0.0000  RESTRAINT  =         0.0000
 CMAP   =        -0.6083
 Ewald error estimate:   0.6979E-04
 ------------------------------------------------------------------------------

 NMR restraints: Bond =    0.000   Angle =     0.000   Torsion =     0.000
===============================================================================

 NSTEP =     5500   TIME(PS) =      11.000  TEMP(K) =   129.98  PRESS =     0.0
 Etot   =    -17343.7049  EKtot   =      1311.1453  EPtot      =    -18654.8502
 BOND   =         2.4153  ANGLE   =         3.7193  DIHED      =         4.0137
 1-4 NB =         2.5122  1-4 EEL =        45.7661  VDWAALS    =      2383.2928
 EELEC  =    -21095.6227  EHBOND  =         0.0000  RESTRAINT  =         0.0000
 CMAP   =        -0.9470
 Ewald error estimate:   0.4482E-04
 ------------------------------------------------------------------------------

 NMR restraints: Bond =    0.000   Angle =     0.000   Torsion =     0.000
===============================================================================

 NSTEP =     6000   TIME(PS) =      12.000  TEMP(K) =   140.76  PRESS =     0.0
 Etot   =    -17104.0562  EKtot   =      1419.8829  EPtot      =    -18523.9391
 BOND   =         1.8903  ANGLE   =         4.8600  DIHED      =         3.2383
 1-4 NB =         2.5669  1-4 EEL =        44.6848  VDWAALS    =      2362.0207
 EELEC  =    -20942.8008  EHBOND  =         0.0000  RESTRAINT  =         0.0000
 CMAP   =        -0.3994
 Ewald error estimate:   0.2596E-04
 ------------------------------------------------------------------------------

 NMR restraints: Bond =    0.000   Angle =     0.000   Torsion =     0.000
===============================================================================

 NSTEP =     6500   TIME(PS) =      13.000  TEMP(K) =   152.26  PRESS =     0.0
 Etot   =    -16892.4619  EKtot   =      1535.8313  EPtot      =    -18428.2932
 BOND   =         2.4351  ANGLE   =         4.4634  DIHED      =         4.4409
 1-4 NB =         2.2820  1-4 EEL =        46.4681  VDWAALS    =      2369.7013
 EELEC  =    -20858.2079  EHBOND  =         0.0000  RESTRAINT  =         0.0000
 CMAP   =         0.1239
 Ewald error estimate:   0.1362E-03
 ------------------------------------------------------------------------------

 NMR restraints: Bond =    0.000   Angle =     0.000   Torsion =     0.000
===============================================================================

 NSTEP =     7000   TIME(PS) =      14.000  TEMP(K) =   169.79  PRESS =     0.0
 Etot   =    -16510.0365  EKtot   =      1712.6412  EPtot      =    -18222.6777
 BOND   =         1.4963  ANGLE   =         6.5865  DIHED      =         3.4924
 1-4 NB =         2.4549  1-4 EEL =        42.7158  VDWAALS    =      2283.2112
 EELEC  =    -20562.3081  EHBOND  =         0.0000  RESTRAINT  =         0.0000
 CMAP   =        -0.3267
 Ewald error estimate:   0.4641E-04
 ------------------------------------------------------------------------------

 NMR restraints: Bond =    0.000   Angle =     0.000   Torsion =     0.000
===============================================================================

 NSTEP =     7500   TIME(PS) =      15.000  TEMP(K) =   179.14  PRESS =     0.0
 Etot   =    -16344.7735  EKtot   =      1806.9668  EPtot      =    -18151.7403
 BOND   =         2.5364  ANGLE   =         4.6265  DIHED      =         4.2597
 1-4 NB =         3.2353  1-4 EEL =        48.7560  VDWAALS    =      2275.8724
 EELEC  =    -20490.6714  EHBOND  =         0.0000  RESTRAINT  =         0.0000
 CMAP   =        -0.3551
 Ewald error estimate:   0.7899E-05
 ------------------------------------------------------------------------------

 NMR restraints: Bond =    0.000   Angle =     0.000   Torsion =     0.000
===============================================================================

 NSTEP =     8000   TIME(PS) =      16.000  TEMP(K) =   193.39  PRESS =     0.0
 Etot   =    -16084.7366  EKtot   =      1950.6840  EPtot      =    -18035.4206
 BOND   =         2.0723  ANGLE   =         7.5513  DIHED      =         4.9407
 1-4 NB =         2.5662  1-4 EEL =        44.9317  VDWAALS    =      2239.7331
 EELEC  =    -20337.1617  EHBOND  =         0.0000  RESTRAINT  =         0.0000
 CMAP   =        -0.0542
 Ewald error estimate:   0.5083E-04
 ------------------------------------------------------------------------------

 NMR restraints: Bond =    0.000   Angle =     0.000   Torsion =     0.000
===============================================================================

 NSTEP =     8500   TIME(PS) =      17.000  TEMP(K) =   201.63  PRESS =     0.0
 Etot   =    -15792.2939  EKtot   =      2033.8575  EPtot      =    -17826.1514
 BOND   =         3.5854  ANGLE   =         9.4470  DIHED      =         3.4552
 1-4 NB =         3.4882  1-4 EEL =        43.4891  VDWAALS    =      2121.5058
 EELEC  =    -20011.1402  EHBOND  =         0.0000  RESTRAINT  =         0.0000
 CMAP   =         0.0181
 Ewald error estimate:   0.2877E-04
 ------------------------------------------------------------------------------

 NMR restraints: Bond =    0.000   Angle =     0.000   Torsion =     0.000
===============================================================================

 NSTEP =     9000   TIME(PS) =      18.000  TEMP(K) =   212.34  PRESS =     0.0
 Etot   =    -15532.5842  EKtot   =      2141.8484  EPtot      =    -17674.4327
 BOND   =         1.3238  ANGLE   =         6.8994  DIHED      =         7.2278
 1-4 NB =         2.8841  1-4 EEL =        47.0207  VDWAALS    =      2006.9673
 EELEC  =    -19746.8713  EHBOND  =         0.0000  RESTRAINT  =         0.0000
 CMAP   =         0.1155
 Ewald error estimate:   0.1264E-03
 ------------------------------------------------------------------------------

 NMR restraints: Bond =    0.000   Angle =     0.000   Torsion =     0.000
===============================================================================

 NSTEP =     9500   TIME(PS) =      19.000  TEMP(K) =   225.53  PRESS =     0.0
 Etot   =    -15170.2758  EKtot   =      2274.9313  EPtot      =    -17445.2071
 BOND   =         3.2681  ANGLE   =         8.9270  DIHED      =         5.6253
 1-4 NB =         1.8190  1-4 EEL =        41.1032  VDWAALS    =      2044.1598
 EELEC  =    -19550.9870  EHBOND  =         0.0000  RESTRAINT  =         0.0000
 CMAP   =         0.8775
 Ewald error estimate:   0.1867E-04
 ------------------------------------------------------------------------------

 NMR restraints: Bond =    0.000   Angle =     0.000   Torsion =     0.000
===============================================================================

 NSTEP =    10000   TIME(PS) =      20.000  TEMP(K) =   237.67  PRESS =     0.0
 Etot   =    -14682.0541  EKtot   =      2397.3290  EPtot      =    -17079.3831
 BOND   =         2.9212  ANGLE   =        11.5211  DIHED      =         5.0507
 1-4 NB =         2.5214  1-4 EEL =        42.0643  VDWAALS    =      1958.4647
 EELEC  =    -19102.9771  EHBOND  =         0.0000  RESTRAINT  =         0.0000
 CMAP   =         1.0508
 Ewald error estimate:   0.1056E-04
 ------------------------------------------------------------------------------

 NMR restraints: Bond =    0.000   Angle =     0.000   Torsion =     0.000
===============================================================================

 NSTEP =    10500   TIME(PS) =      21.000  TEMP(K) =   249.23  PRESS =     0.0
 Etot   =    -14319.9255  EKtot   =      2513.9810  EPtot      =    -16833.9065
 BOND   =         3.4107  ANGLE   =         7.8080  DIHED      =         5.2563
 1-4 NB =         5.2119  1-4 EEL =        48.2080  VDWAALS    =      1715.3371
 EELEC  =    -18619.3350  EHBOND  =         0.0000  RESTRAINT  =         0.0000
 CMAP   =         0.1964
 Ewald error estimate:   0.2128E-03
 ------------------------------------------------------------------------------

 NMR restraints: Bond =    0.000   Angle =     0.000   Torsion =     0.000
===============================================================================

 NSTEP =    11000   TIME(PS) =      22.000  TEMP(K) =   257.94  PRESS =     0.0
 Etot   =    -13964.0829  EKtot   =      2601.8390  EPtot      =    -16565.9219
 BOND   =         2.8663  ANGLE   =         7.9297  DIHED      =         5.0620
 1-4 NB =         2.8022  1-4 EEL =        45.6971  VDWAALS    =      1662.5701
 EELEC  =    -18292.6987  EHBOND  =         0.0000  RESTRAINT  =         0.0000
 CMAP   =        -0.1505
 Ewald error estimate:   0.1823E-04
 ------------------------------------------------------------------------------

 NMR restraints: Bond =    0.000   Angle =     0.000   Torsion =     0.000
===============================================================================

 NSTEP =    11500   TIME(PS) =      23.000  TEMP(K) =   273.04  PRESS =     0.0
 Etot   =    -13480.5410  EKtot   =      2754.1876  EPtot      =    -16234.7285
 BOND   =         4.0536  ANGLE   =        10.0359  DIHED      =         5.6935
 1-4 NB =         3.4467  1-4 EEL =        45.3853  VDWAALS    =      1612.4598
 EELEC  =    -17916.5779  EHBOND  =         0.0000  RESTRAINT  =         0.0000
 CMAP   =         0.7746
 Ewald error estimate:   0.5518E-04
 ------------------------------------------------------------------------------

 NMR restraints: Bond =    0.000   Angle =     0.000   Torsion =     0.000
===============================================================================

 NSTEP =    12000   TIME(PS) =      24.000  TEMP(K) =   293.39  PRESS =     0.0
 Etot   =    -13181.3930  EKtot   =      2959.4356  EPtot      =    -16140.8286
 BOND   =         2.8300  ANGLE   =         8.1952  DIHED      =         4.5296
 1-4 NB =         3.8714  1-4 EEL =        46.1322  VDWAALS    =      1588.2645
 EELEC  =    -17796.3600  EHBOND  =         0.0000  RESTRAINT  =         0.0000
 CMAP   =         1.7086
 Ewald error estimate:   0.3691E-04
 ------------------------------------------------------------------------------

 NMR restraints: Bond =    0.000   Angle =     0.000   Torsion =     0.000
===============================================================================

 NSTEP =    12500   TIME(PS) =      25.000  TEMP(K) =   297.22  PRESS =     0.0
 Etot   =    -12977.8991  EKtot   =      2998.0905  EPtot      =    -15975.9896
 BOND   =         1.5450  ANGLE   =         7.3947  DIHED      =         4.2002
 1-4 NB =         2.7972  1-4 EEL =        47.1878  VDWAALS    =      1529.8003
 EELEC  =    -17569.9870  EHBOND  =         0.0000  RESTRAINT  =         0.0000
 CMAP   =         1.0722
 Ewald error estimate:   0.9883E-04
 ------------------------------------------------------------------------------

 NMR restraints: Bond =    0.000   Angle =     0.000   Torsion =     0.000
===============================================================================

 NSTEP =    13000   TIME(PS) =      26.000  TEMP(K) =   288.90  PRESS =     0.0
 Etot   =    -12912.4994  EKtot   =      2914.1554  EPtot      =    -15826.6548
 BOND   =         2.2243  ANGLE   =         9.0902  DIHED      =         5.9199
 1-4 NB =         3.1385  1-4 EEL =        48.0897  VDWAALS    =      1547.8585
 EELEC  =    -17443.6278  EHBOND  =         0.0000  RESTRAINT  =         0.0000
 CMAP   =         0.6519
 Ewald error estimate:   0.1090E-03
 ------------------------------------------------------------------------------

 NMR restraints: Bond =    0.000   Angle =     0.000   Torsion =     0.000
===============================================================================

 NSTEP =    13500   TIME(PS) =      27.000  TEMP(K) =   305.53  PRESS =     0.0
 Etot   =    -12827.9635  EKtot   =      3081.8561  EPtot      =    -15909.8196
 BOND   =         2.4052  ANGLE   =         6.9038  DIHED      =         3.6080
 1-4 NB =         2.6079  1-4 EEL =        45.6729  VDWAALS    =      1521.6112
 EELEC  =    -17493.1930  EHBOND  =         0.0000  RESTRAINT  =         0.0000
 CMAP   =         0.5645
 Ewald error estimate:   0.6912E-04
 ------------------------------------------------------------------------------

 NMR restraints: Bond =    0.000   Angle =     0.000   Torsion =     0.000
===============================================================================

 NSTEP =    14000   TIME(PS) =      28.000  TEMP(K) =   299.26  PRESS =     0.0
 Etot   =    -12826.0243  EKtot   =      3018.6116  EPtot      =    -15844.6359
 BOND   =         4.3277  ANGLE   =         8.6962  DIHED      =         5.8815
 1-4 NB =         1.7338  1-4 EEL =        42.1330  VDWAALS    =      1489.9923
 EELEC  =    -17398.8049  EHBOND  =         0.0000  RESTRAINT  =         0.0000
 CMAP   =         1.4045
 Ewald error estimate:   0.4053E-03
 ------------------------------------------------------------------------------

 NMR restraints: Bond =    0.000   Angle =     0.000   Torsion =     0.000
===============================================================================

 NSTEP =    14500   TIME(PS) =      29.000  TEMP(K) =   295.18  PRESS =     0.0
 Etot   =    -12776.3706  EKtot   =      2977.4827  EPtot      =    -15753.8533
 BOND   =         2.7952  ANGLE   =         7.7529  DIHED      =         5.8159
 1-4 NB =         2.5876  1-4 EEL =        45.0671  VDWAALS    =      1507.8489
 EELEC  =    -17326.9010  EHBOND  =         0.0000  RESTRAINT  =         0.0000
 CMAP   =         1.1800
 Ewald error estimate:   0.1975E-03
 ------------------------------------------------------------------------------

 NMR restraints: Bond =    0.000   Angle =     0.000   Torsion =     0.000
===============================================================================

 NSTEP =    15000   TIME(PS) =      30.000  TEMP(K) =   300.49  PRESS =     0.0
 Etot   =    -12798.4646  EKtot   =      3031.0849  EPtot      =    -15829.5495
 BOND   =         3.2184  ANGLE   =         7.3419  DIHED      =         3.5327
 1-4 NB =         3.1142  1-4 EEL =        46.5821  VDWAALS    =      1420.3768
 EELEC  =    -17314.5624  EHBOND  =         0.0000  RESTRAINT  =         0.0000
 CMAP   =         0.8468
 Ewald error estimate:   0.1879E-03
 ------------------------------------------------------------------------------

 NMR restraints: Bond =    0.000   Angle =     0.000   Torsion =     0.000
===============================================================================

      A V E R A G E S   O V E R   15000 S T E P S


 NSTEP =    15000   TIME(PS) =      30.000  TEMP(K) =   173.34  PRESS =     0.0
 Etot   =    -16076.4026  EKtot   =      1748.4688  EPtot      =    -17824.8715
 BOND   =         2.0458  ANGLE   =         5.4213  DIHED      =         3.8210
 1-4 NB =         3.0055  1-4 EEL =        46.6397  VDWAALS    =      2151.9635
 EELEC  =    -20037.7365  EHBOND  =         0.0000  RESTRAINT  =         0.0000
 CMAP   =        -0.0317
 Ewald error estimate:   0.1576E-03
 ------------------------------------------------------------------------------

 NMR restraints: Bond =    0.000   Angle =     0.000   Torsion =     0.000
===============================================================================

      R M S  F L U C T U A T I O N S


 NSTEP =    15000   TIME(PS) =      30.000  TEMP(K) =    97.28  PRESS =     0.0
 Etot   =      2283.6685  EKtot   =       981.3023  EPtot      =      1317.3005
 BOND   =         1.3272  ANGLE   =         3.0680  DIHED      =         1.1248
 1-4 NB =         0.5290  1-4 EEL =         1.7454  VDWAALS    =       473.6648
 EELEC  =      1783.5979  EHBOND  =         0.0000  RESTRAINT  =         0.0000
 CMAP   =         0.7631
 Ewald error estimate:   0.1112E-03
 ------------------------------------------------------------------------------


 NMR restraints on final step:


--------------------------------------------------------------------------------
   5.  TIMINGS
--------------------------------------------------------------------------------

|                Build the list            17.45 (99.24% of List )
|                Other                      0.13 ( 0.76% of List )
|             List time                 17.59 ( 5.94% of Nonbo)
|                   Short_ene time           210.13 (99.08% of Direc)
|                   Other                      1.94 ( 0.92% of Direc)
|                Direct Ewald time        212.08 (76.19% of Ewald)
|                Adjust Ewald time          1.77 ( 0.64% of Ewald)
|                   Fill Bspline coeffs        2.53 ( 3.94% of Recip)
|                   Fill charge grid           6.68 (10.39% of Recip)
|                   Scalar sum                15.14 (23.57% of Recip)
|                   Grad sum                  13.76 (21.42% of Recip)
|                   FFT time                  26.13 (40.68% of Recip)
|                   Other                      0.00 ( 0.01% of Recip)
|                Recip Ewald time          64.25 (23.08% of Ewald)
|                Force Adjust               0.05 ( 0.02% of Ewald)
|                Virial junk                0.18 ( 0.07% of Ewald)
|                Other                      0.02 ( 0.01% of Ewald)
|             Ewald time               278.35 (94.06% of Nonbo)
|          Nonbond force            295.94 (100.0% of Force)
|          Bond/Angle/Dihedral        0.18 ( 0.06% of Force)
|          Other                      0.05 ( 0.02% of Force)
|       Force time               296.18 (93.71% of Runmd)
|       Shake time                 2.50 ( 0.79% of Runmd)
|       Verlet update time        17.31 ( 5.48% of Runmd)
|       Other                      0.07 ( 0.02% of Runmd)
|    Runmd Time               316.05 (100.0% of Total)
|    Other                      0.06 ( 0.02% of Total)
| Total time               316.12 (100.0% of ALL  )

| Number of list builds   :        921

| Highest rstack allocated:     328787
| Highest istack allocated:       5071

| Final Performance Info:
| -----------------------------------------------------
| Average timings for all steps:
|     Elapsed(s) =     316.05 Per Step(ms) =      21.07
|         ns/day =       8.20   seconds/ns =   10535.10
| -----------------------------------------------------

|           Job began  at 11:37:45.960  on 06/12/2022
|           Setup done at 11:37:46.026  on 06/12/2022
|           Run   done at 11:43:02.079  on 06/12/2022
|     wallclock() was called  661923 times

|3D-RISM memory allocation summary
|Type          Maximum        Current   
|Integer       0.00000 GB     0.00000 GB
|Real          0.00000 GB     0.00000 GB
|Logical       0.00000 GB     0.00000 GB
|Character     0.00000 GB     0.00000 GB
|---------------------------------------
|Total         0.00000 GB     0.00000 GB
